
2022-10-07 19:24:44 - INFO - (MainThread) - app - RPi version: 3
2022-10-07 19:24:44 - INFO - (MainThread) - app - GPIO version: 0.7.0
2022-10-07 19:25:08 - INFO - (Thread-1) - app - Process URL Request...
2022-10-07 19:25:08 - INFO - (Thread-1) - app - pins: {} 
2022-10-07 19:25:20 - INFO - (Thread-2) - app - stop 3
2022-10-07 19:25:22 - INFO - (Thread-3) - app - stop 3
2022-10-07 19:25:23 - INFO - (Thread-4) - app - stop 3
2022-10-07 19:26:30 - INFO - (Thread-7) - app - stop 1
2022-10-07 19:26:31 - INFO - (Thread-7) - app - stop 2
2022-10-07 19:27:59 - INFO - (Thread-10) - app - stop 1
2022-10-07 19:28:00 - INFO - (Thread-10) - app - stop 2
2022-10-07 19:35:14 - INFO - (MainThread) - app - RPi version: 3
2022-10-07 19:35:14 - INFO - (MainThread) - app - GPIO version: 0.7.0
2022-10-11 06:06:46 - INFO - (Thread-2) - app - stop 1
2022-10-11 06:06:47 - INFO - (Thread-3) - app - stop 1
2022-10-11 06:06:47 - INFO - (Thread-2) - app - stop 2
2022-10-11 06:06:47 - INFO - (Thread-3) - app - stop 2
2022-10-11 06:06:50 - INFO - (Thread-5) - app - stop 1
2022-10-11 06:06:50 - INFO - (Thread-5) - app - stop 2
2022-10-11 06:06:52 - INFO - (Thread-6) - app - stop 3
2022-10-11 06:06:56 - INFO - (Thread-7) - app - stop 3
2022-10-11 06:06:59 - INFO - (Thread-9) - app - stop 1
2022-10-11 06:06:59 - INFO - (Thread-9) - app - stop 2
2022-10-11 06:07:09 - INFO - (Thread-11) - app - stop 1
2022-10-11 06:07:11 - INFO - (Thread-11) - app - stop 2
2022-10-11 06:07:17 - INFO - (Thread-13) - app - stop 1
2022-10-11 06:07:18 - INFO - (Thread-13) - app - stop 2
2022-11-04 07:59:13 - INFO - (Thread-16) - app - stop 1
2022-11-04 07:59:14 - INFO - (Thread-16) - app - stop 2
2022-11-04 08:00:57 - INFO - (MainThread) - app - RPi version: 3
2022-11-04 08:00:57 - INFO - (MainThread) - app - GPIO version: 0.7.0
2022-11-04 08:01:17 - INFO - (Thread-1) - app - Process URL Request...
2022-11-04 08:01:17 - INFO - (Thread-1) - app - pins: {} 
2022-11-04 08:01:22 - INFO - (Thread-4) - app - stop 3
2022-11-04 08:01:24 - INFO - (Thread-3) - app - stop 3
2022-11-04 08:01:25 - INFO - (Thread-5) - app - stop 3
2022-11-04 08:01:34 - INFO - (Thread-7) - app - stop 1
2022-11-04 08:01:34 - INFO - (Thread-7) - app - stop 2
2022-11-04 08:01:48 - INFO - (Thread-9) - app - stop 1
2022-11-04 08:01:49 - INFO - (Thread-9) - app - stop 2
2022-11-04 08:02:13 - INFO - (Thread-13) - app - stop 1
2022-11-04 08:02:14 - INFO - (Thread-13) - app - stop 2
2022-11-04 08:02:22 - INFO - (Thread-11) - app - stop 1
2022-11-04 08:02:23 - INFO - (Thread-11) - app - stop 2
2022-11-04 10:31:50 - INFO - (Thread-17) - app - stop 1
2022-11-04 10:31:51 - INFO - (Thread-17) - app - stop 2
2022-11-04 10:31:53 - INFO - (Thread-20) - app - stop 1
2022-11-04 10:31:54 - INFO - (Thread-20) - app - stop 2
2022-11-04 10:31:57 - INFO - (Thread-22) - app - stop 1
2022-11-04 10:31:58 - INFO - (Thread-22) - app - stop 2
2022-11-04 13:50:22 - INFO - (Thread-24) - app - stop 3
2022-11-04 13:50:30 - INFO - (Thread-26) - app - stop 1
2022-11-04 13:50:31 - INFO - (Thread-26) - app - stop 2
2022-11-04 13:50:40 - INFO - (Thread-28) - app - stop 1
2022-11-04 13:50:41 - INFO - (Thread-28) - app - stop 2
2022-11-04 13:52:08 - INFO - (Thread-31) - app - stop 1
2022-11-04 13:52:09 - INFO - (Thread-31) - app - stop 2
2022-11-05 14:08:01 - INFO - (Thread-33) - app - stop 3
2022-11-06 17:17:33 - INFO - (Thread-35) - app - stop 3
2022-11-06 19:07:54 - INFO - (Thread-38) - app - stop 1
2022-11-06 19:07:55 - INFO - (Thread-38) - app - stop 2
2022-11-08 12:52:22 - INFO - (Thread-41) - app - stop 1
2022-11-08 12:52:24 - INFO - (Thread-41) - app - stop 2
2022-11-08 12:52:41 - INFO - (Thread-44) - app - stop 1
2022-11-08 12:52:42 - INFO - (Thread-44) - app - stop 2
2022-11-09 10:41:56 - INFO - (Thread-46) - app - stop 3
2022-11-09 10:42:01 - INFO - (Thread-51) - app - stop 1
2022-11-09 10:42:02 - INFO - (Thread-51) - app - stop 2
2022-11-11 09:13:10 - INFO - (Thread-56) - app - stop 1
2022-11-11 09:13:11 - INFO - (Thread-56) - app - stop 2
2022-11-13 14:56:08 - INFO - (Thread-59) - app - stop 1
2022-11-13 14:56:09 - INFO - (Thread-59) - app - stop 2
2022-11-14 15:05:32 - INFO - (Thread-62) - app - stop 1
2022-11-14 15:05:34 - INFO - (Thread-62) - app - stop 2
2022-11-14 15:05:52 - INFO - (Thread-66) - app - stop 1
2022-11-14 15:05:54 - INFO - (Thread-66) - app - stop 2
2022-11-14 15:08:17 - INFO - (MainThread) - app - RPi version: 3
2022-11-14 15:08:17 - INFO - (MainThread) - app - GPIO version: 0.7.0
2022-11-16 21:20:40 - INFO - (Thread-1) - app - stop 3
2022-11-16 21:20:46 - INFO - (Thread-3) - app - stop 1
2022-11-16 21:20:48 - INFO - (Thread-3) - app - stop 2
2022-11-16 21:20:49 - INFO - (Thread-5) - app - stop 3
2022-11-16 21:20:51 - INFO - (Thread-6) - app - stop 3
2022-11-16 21:20:53 - INFO - (Thread-8) - app - stop 1
2022-11-16 21:20:54 - INFO - (Thread-8) - app - stop 2
2022-11-17 10:12:53 - INFO - (MainThread) - app - RPi version: 3
2022-11-17 10:12:53 - INFO - (MainThread) - app - GPIO version: 0.7.0
2022-11-17 10:13:03 - INFO - (Thread-2) - app - stop 1
2022-11-17 10:13:05 - INFO - (Thread-3) - app - stop 1
2022-11-17 10:13:05 - INFO - (Thread-2) - app - stop 2
2022-11-17 10:13:05 - INFO - (Thread-3) - app - stop 2
2022-11-17 10:13:06 - INFO - (Thread-4) - app - stop 3
2022-11-17 10:13:09 - INFO - (Thread-6) - app - stop 1
2022-11-17 10:13:10 - INFO - (Thread-6) - app - stop 2
2022-11-17 10:13:13 - INFO - (Thread-8) - app - stop 1
2022-11-17 10:13:14 - INFO - (Thread-8) - app - stop 2
2022-11-17 10:13:16 - INFO - (Thread-10) - app - stop 1
2022-11-17 10:13:17 - INFO - (Thread-10) - app - stop 2
2022-11-17 21:09:47 - INFO - (Thread-14) - app - stop 1
2022-11-17 21:09:48 - INFO - (Thread-14) - app - stop 2
2022-11-18 14:18:45 - INFO - (Thread-18) - app - stop 1
2022-11-18 14:18:46 - INFO - (Thread-18) - app - stop 2
2022-11-19 11:38:24 - INFO - (Thread-21) - app - stop 1
2022-11-19 11:38:25 - INFO - (Thread-21) - app - stop 2
2022-11-19 20:45:02 - INFO - (Thread-23) - app - stop 3
2022-11-20 15:46:54 - INFO - (Thread-25) - app - stop 3
2022-11-21 16:04:25 - INFO - (Thread-27) - app - stop 3
2022-12-17 08:18:57 - INFO - (Thread-30) - app - stop 1
2022-12-17 08:18:59 - INFO - (Thread-30) - app - stop 2
2022-12-17 08:19:05 - INFO - (Thread-32) - app - stop 1
2022-12-17 08:19:07 - INFO - (Thread-32) - app - stop 2
2023-04-28 08:15:13 - INFO - (MainThread) - app - RPi version: 3
2023-04-28 08:15:13 - INFO - (MainThread) - app - GPIO version: 0.7.0
2023-04-28 08:15:41 - INFO - (Thread-1) - app - Process URL Request...
2023-04-28 08:15:41 - INFO - (Thread-1) - app - pins: {} 
2023-04-28 08:15:44 - INFO - (Thread-3) - app - stop 3
2023-04-28 08:15:46 - INFO - (Thread-4) - app - stop 3
2023-04-28 08:15:47 - INFO - (Thread-5) - app - stop 3
2023-04-28 08:15:52 - INFO - (Thread-7) - app - stop 1
2023-04-28 08:15:53 - INFO - (Thread-7) - app - stop 2
2023-04-28 08:16:01 - INFO - (Thread-9) - app - stop 1
2023-04-28 08:16:02 - INFO - (Thread-9) - app - stop 2
2023-04-28 08:16:08 - INFO - (Thread-11) - app - stop 1
2023-04-28 08:16:09 - INFO - (Thread-11) - app - stop 2
2023-04-28 13:02:40 - INFO - (Thread-14) - app - stop 1
2023-04-28 13:02:42 - INFO - (Thread-14) - app - stop 2
2023-04-28 13:02:47 - INFO - (Thread-16) - app - stop 1
2023-04-28 13:02:48 - INFO - (Thread-16) - app - stop 2
2023-05-02 06:55:59 - INFO - (MainThread) - app - RPi version: 3
2023-05-02 06:55:59 - INFO - (MainThread) - app - GPIO version: 0.7.0
2023-05-02 06:56:39 - INFO - (Thread-1) - app - Process URL Request...
2023-05-02 06:56:39 - INFO - (Thread-1) - app - pins: {} 
2023-05-02 06:56:43 - INFO - (Thread-3) - app - stop 3
2023-05-02 06:56:46 - INFO - (Thread-4) - app - stop 3
2023-05-02 06:56:47 - INFO - (Thread-5) - app - stop 3
2023-05-02 06:57:05 - INFO - (Thread-6) - app - stop 3
2023-05-02 06:57:07 - INFO - (Thread-7) - app - stop 3
2023-05-02 06:57:11 - INFO - (Thread-8) - app - stop 3
2023-05-02 06:57:25 - INFO - (Thread-10) - app - stop 1
2023-05-02 06:57:27 - INFO - (Thread-10) - app - stop 2
2023-05-02 15:14:07 - INFO - (Thread-13) - app - stop 1
2023-05-02 15:14:08 - INFO - (Thread-13) - app - stop 2
2023-05-02 15:14:14 - INFO - (Thread-15) - app - stop 1
2023-05-02 15:14:16 - INFO - (Thread-15) - app - stop 2
2023-05-02 15:14:21 - INFO - (Thread-17) - app - stop 1
2023-05-02 15:14:21 - INFO - (Thread-17) - app - stop 2
2023-05-04 17:19:03 - INFO - (MainThread) - app - RPi version: 3
2023-05-04 17:19:03 - INFO - (MainThread) - app - GPIO version: 0.7.0
2023-05-04 17:19:38 - INFO - (Thread-1) - app - Process URL Request...
2023-05-04 17:19:38 - INFO - (Thread-1) - app - pins: {} 
2023-05-04 17:19:45 - INFO - (Thread-3) - app - stop 3
2023-05-04 17:19:51 - INFO - (Thread-5) - app - stop 1
2023-05-04 17:19:52 - INFO - (Thread-5) - app - stop 2
2023-05-04 17:19:54 - INFO - (Thread-6) - app - stop 3
2023-05-04 17:19:56 - INFO - (Thread-7) - app - stop 3
